<?xml version="1.0" encoding="UTF-8"?>
<coverage generated="1506505214">
  <project timestamp="1506505214">
    <package name="ludovicm67\Strings">
      <file name="/home/ludovic/DEPOTS/php-strings/src/Strings.php">
        <class name="Strings" namespace="ludovicm67\Strings">
          <metrics complexity="3" methods="3" coveredmethods="3" conditionals="0" coveredconditionals="0" statements="13" coveredstatements="13" elements="16" coveredelements="16"/>
        </class>
        <line num="8" type="method" name="clean" complexity="1" crap="1" count="1"/>
        <line num="9" type="stmt" count="1"/>
        <line num="10" type="stmt" count="1"/>
        <line num="11" type="stmt" count="1"/>
        <line num="12" type="stmt" count="1"/>
        <line num="13" type="stmt" count="1"/>
        <line num="21" type="method" name="fromCamelCase" complexity="1" crap="1" count="2"/>
        <line num="22" type="stmt" count="2"/>
        <line num="23" type="stmt" count="2"/>
        <line num="24" type="stmt" count="2"/>
        <line num="25" type="stmt" count="2"/>
        <line num="26" type="stmt" count="2"/>
        <line num="31" type="method" name="toCamelCase" complexity="1" crap="1" count="1"/>
        <line num="32" type="stmt" count="1"/>
        <line num="33" type="stmt" count="1"/>
        <line num="34" type="stmt" count="1"/>
        <metrics loc="38" ncloc="32" classes="1" methods="3" coveredmethods="3" conditionals="0" coveredconditionals="0" statements="13" coveredstatements="13" elements="16" coveredelements="16"/>
      </file>
    </package>
    <metrics files="1" loc="38" ncloc="32" classes="1" methods="3" coveredmethods="3" conditionals="0" coveredconditionals="0" statements="13" coveredstatements="13" elements="16" coveredelements="16"/>
  </project>
</coverage>
